b:\university projects\eat-assessment-project\eat assessment project\x64\debug\vc143.pdb
b:\university projects\eat-assessment-project\eat assessment project\x64\debug\vc143.idb
b:\university projects\eat-assessment-project\eat assessment project\x64\debug\timemanager.obj
b:\university projects\eat-assessment-project\eat assessment project\x64\debug\square.obj
b:\university projects\eat-assessment-project\eat assessment project\x64\debug\singleton.obj
b:\university projects\eat-assessment-project\eat assessment project\x64\debug\shape.obj
b:\university projects\eat-assessment-project\eat assessment project\x64\debug\rigidbody.obj
b:\university projects\eat-assessment-project\eat assessment project\x64\debug\rectangle.obj
b:\university projects\eat-assessment-project\eat assessment project\x64\debug\program.obj
b:\university projects\eat-assessment-project\eat assessment project\x64\debug\point.obj
b:\university projects\eat-assessment-project\eat assessment project\x64\debug\physicsmanager.obj
b:\university projects\eat-assessment-project\eat assessment project\x64\debug\main.obj
b:\university projects\eat-assessment-project\eat assessment project\x64\debug\inputmanager.obj
b:\university projects\eat-assessment-project\eat assessment project\x64\debug\eventmanager.obj
b:\university projects\eat-assessment-project\eat assessment project\x64\debug\eventlistener.obj
b:\university projects\eat-assessment-project\eat assessment project\x64\debug\color.obj
b:\university projects\eat-assessment-project\eat assessment project\x64\debug\collisionmanager.obj
b:\university projects\eat-assessment-project\eat assessment project\x64\debug\collider.obj
b:\university projects\eat-assessment-project\eat assessment project\x64\debug\circlecollider.obj
b:\university projects\eat-assessment-project\eat assessment project\x64\debug\circle.obj
b:\university projects\eat-assessment-project\eat assessment project\x64\debug\boxcollider.obj
b:\university projects\eat-assessment-project\eat assessment project\x64\debug\assetmanager.obj
b:\university projects\eat-assessment-project\eat assessment project\x64\debug\vector2.obj
b:\university projects\eat-assessment-project\eat assessment project\x64\debug\transform.obj
b:\university projects\eat-assessment-project\eat assessment project\x64\debug\eat assessment project.exe
b:\university projects\eat-assessment-project\eat assessment project\x64\debug\eat assessment project.ilk
b:\university projects\eat-assessment-project\eat assessment project\x64\debug\eat assessment project.pdb
c:\users\5cincm67\downloads\eat-assessment-project\eat assessment project\x64\debug\assetmanager.obj
c:\users\5cincm67\downloads\eat-assessment-project\eat assessment project\x64\debug\boxcollider.obj
c:\users\5cincm67\downloads\eat-assessment-project\eat assessment project\x64\debug\circle.obj
c:\users\5cincm67\downloads\eat-assessment-project\eat assessment project\x64\debug\circlecollider.obj
c:\users\5cincm67\downloads\eat-assessment-project\eat assessment project\x64\debug\collider.obj
c:\users\5cincm67\downloads\eat-assessment-project\eat assessment project\x64\debug\collisionmanager.obj
c:\users\5cincm67\downloads\eat-assessment-project\eat assessment project\x64\debug\eventlistener.obj
c:\users\5cincm67\downloads\eat-assessment-project\eat assessment project\x64\debug\eventmanager.obj
c:\users\5cincm67\downloads\eat-assessment-project\eat assessment project\x64\debug\inputmanager.obj
c:\users\5cincm67\downloads\eat-assessment-project\eat assessment project\x64\debug\main.obj
c:\users\5cincm67\downloads\eat-assessment-project\eat assessment project\x64\debug\physicsmanager.obj
c:\users\5cincm67\downloads\eat-assessment-project\eat assessment project\x64\debug\point.obj
c:\users\5cincm67\downloads\eat-assessment-project\eat assessment project\x64\debug\program.obj
c:\users\5cincm67\downloads\eat-assessment-project\eat assessment project\x64\debug\rectangle.obj
c:\users\5cincm67\downloads\eat-assessment-project\eat assessment project\x64\debug\rigidbody.obj
c:\users\5cincm67\downloads\eat-assessment-project\eat assessment project\x64\debug\shape.obj
c:\users\5cincm67\downloads\eat-assessment-project\eat assessment project\x64\debug\singleton.obj
c:\users\5cincm67\downloads\eat-assessment-project\eat assessment project\x64\debug\square.obj
c:\users\5cincm67\downloads\eat-assessment-project\eat assessment project\x64\debug\timemanager.obj
c:\users\5cincm67\downloads\eat-assessment-project\eat assessment project\x64\debug\transform.obj
c:\users\5cincm67\downloads\eat-assessment-project\eat assessment project\x64\debug\vector2.obj
c:\users\5cincm67\downloads\eat-assessment-project\eat assessment project\x64\debug\eat assessment project.ilk
c:\users\5cincm67\downloads\eat-assessment-project\eat assessment project\x64\debug\vc143.idb
c:\users\5cincm67\downloads\eat-assessment-project\eat assessment project\x64\debug\eat assessment project.pdb
c:\users\5cincm67\downloads\eat-assessment-project\eat assessment project\x64\debug\vc143.pdb
c:\users\5cincm67\downloads\eat-assessment-project\eat assessment project\x64\debug\eat assessment project.exe
c:\users\5cincm67\downloads\eat-assessment-project\eat assessment project\x64\debug\eat asse.e41a177d.tlog\cl.command.1.tlog
c:\users\5cincm67\downloads\eat-assessment-project\eat assessment project\x64\debug\eat asse.e41a177d.tlog\cl.items.tlog
c:\users\5cincm67\downloads\eat-assessment-project\eat assessment project\x64\debug\eat asse.e41a177d.tlog\cl.read.1.tlog
c:\users\5cincm67\downloads\eat-assessment-project\eat assessment project\x64\debug\eat asse.e41a177d.tlog\cl.write.1.tlog
c:\users\5cincm67\downloads\eat-assessment-project\eat assessment project\x64\debug\eat asse.e41a177d.tlog\link.command.1.tlog
c:\users\5cincm67\downloads\eat-assessment-project\eat assessment project\x64\debug\eat asse.e41a177d.tlog\link.read.1.tlog
c:\users\5cincm67\downloads\eat-assessment-project\eat assessment project\x64\debug\eat asse.e41a177d.tlog\link.write.1.tlog
