  AssetManager.cpp
  BoxCollider.cpp
  Circle.cpp
  CircleCollider.cpp
  Collider.cpp
  CollisionManager.cpp
  Color.cpp
  EventListener.cpp
  EventManager.cpp
  InputManager.cpp
  main.cpp
C:\Program Files (x86)\Windows Kits\10\Include\10.0.22621.0\ucrt\crtdbg.h(307,1): warning C4005: '_malloca': macro redefinition
  (compiling source file 'main.cpp')
  C:\Program Files (x86)\Windows Kits\10\Include\10.0.22621.0\ucrt\malloc.h(124,1):
  see previous definition of '_malloca'
  
  PhysicsManager.cpp
  Point.cpp
  Program.cpp
  Rectangle.cpp
  Rigidbody.cpp
  Shape.cpp
  Singleton.cpp
  Square.cpp
  TimeManager.cpp
C:\Program Files (x86)\Windows Kits\10\Include\10.0.22621.0\ucrt\crtdbg.h(307,1): warning C4005: '_malloca': macro redefinition
  (compiling source file 'TimeManager.cpp')
  C:\Program Files (x86)\Windows Kits\10\Include\10.0.22621.0\ucrt\malloc.h(124,1):
  see previous definition of '_malloca'
  
  Generating Code...
  Compiling...
  Transform.cpp
  Vector2.cpp
  Generating Code...
  EAT Assessment Project.vcxproj -> C:\Users\5CINCM67\Downloads\EAT-Assessment-Project\EAT Assessment Project\x64\Debug\EAT Assessment Project.exe
